<?xml version="1.0" encoding="UTF-8"?>
<!-- Generated by org.testng.reporters.JUnitReportReporter -->
<testsuite hostname="WJLP-1297" failures="0" tests="1" name="com.testCases.LoginTest" time="32.038" errors="0" timestamp="2020-11-24T21:26:52 IST" skipped="0">
  <testcase classname="com.testCases.LoginTest" name="loginApp" time="32.038"/>
  <system-out/>
</testsuite> <!-- com.testCases.LoginTest -->
